<?xml version="1.0" encoding="UTF-8"?>
<testsuite name="BlockchainTest" tests="1" skipped="0" failures="0" errors="0" timestamp="2020-10-26T10:10:13" hostname="AVINAL" time="0.643">
  <properties/>
  <testcase name="start" classname="BlockchainTest" time="0.643"/>
  <system-out><![CDATA[?[1;31m
Start test 1?[0m
Enter how many zeros the hash must start with: 
> 0
Block:
Id: 1
Timestamp: 1603707013948
Magic number: 1302425059
Hash of the previous block:
0
Hash of the block:
cb020b3ad543159350971636cd7e06c517caedc95639e8f2ab2577eec330df31
Block was generating for 0 seconds

Block:
Id: 2
Timestamp: 1603707013948
Magic number: 221094756
Hash of the previous block:
cb020b3ad543159350971636cd7e06c517caedc95639e8f2ab2577eec330df31
Hash of the block:
fc1240cf1a70265d4a8a701e1c8d728bc856d7f981c2406a354af52cb2638722
Block was generating for 0 seconds

Block:
Id: 3
Timestamp: 1603707013948
Magic number: 780224214
Hash of the previous block:
fc1240cf1a70265d4a8a701e1c8d728bc856d7f981c2406a354af52cb2638722
Hash of the block:
79f13764615bfda578aec22cf671f4ea726c51b9706657ed0906c71b22d5bc59
Block was generating for 0 seconds

Block:
Id: 4
Timestamp: 1603707013948
Magic number: 1500990982
Hash of the previous block:
79f13764615bfda578aec22cf671f4ea726c51b9706657ed0906c71b22d5bc59
Hash of the block:
921b4a070a730e7f5e4729080eeaca9dc2fffaef3cce8a704bc0c21633401a2c
Block was generating for 0 seconds

Block:
Id: 5
Timestamp: 1603707013948
Magic number: 1823175868
Hash of the previous block:
921b4a070a730e7f5e4729080eeaca9dc2fffaef3cce8a704bc0c21633401a2c
Hash of the block:
b43bb9d2fcfebdaf2f40b30e42d6c84739fc4fe5aa44ca4ecb0ff81684125191
Block was generating for 0 seconds

?[1;31m
Start test 2?[0m
Enter how many zeros the hash must start with: 
> 1
Block:
Id: 1
Timestamp: 1603707014048
Magic number: 1608988825
Hash of the previous block:
0
Hash of the block:
0bb78bdd4f115d6c80124a470cc3e645b884e37426660d8b74ba39fe484481e1
Block was generating for 0 seconds

Block:
Id: 2
Timestamp: 1603707014048
Magic number: 1103469003
Hash of the previous block:
0bb78bdd4f115d6c80124a470cc3e645b884e37426660d8b74ba39fe484481e1
Hash of the block:
04fec80cdf3afd120776b5807293eddf75051f9fe0c28d7722f2acb633d5d519
Block was generating for 0 seconds

Block:
Id: 3
Timestamp: 1603707014048
Magic number: 1604810786
Hash of the previous block:
04fec80cdf3afd120776b5807293eddf75051f9fe0c28d7722f2acb633d5d519
Hash of the block:
0e1b93225c747b9e3755e8523ab9db2cd36654d99c65414854c236ec618f5126
Block was generating for 0 seconds

Block:
Id: 4
Timestamp: 1603707014048
Magic number: 1515856016
Hash of the previous block:
0e1b93225c747b9e3755e8523ab9db2cd36654d99c65414854c236ec618f5126
Hash of the block:
09cc94a1132bae5fc5d3f701829c149e858cfe7afc4e32fecfe2c9655486abdb
Block was generating for 0 seconds

Block:
Id: 5
Timestamp: 1603707014048
Magic number: 1582686278
Hash of the previous block:
09cc94a1132bae5fc5d3f701829c149e858cfe7afc4e32fecfe2c9655486abdb
Hash of the block:
0ed5dcc287d9d439d65a61ba60a4164eb3518401129ae0ed56e31e6429994c50
Block was generating for 0 seconds

?[1;31m
Start test 3?[0m
Enter how many zeros the hash must start with: 
> 2
Block:
Id: 1
Timestamp: 1603707014164
Magic number: 1654513579
Hash of the previous block:
0
Hash of the block:
00f5f1094414a6181bac9ef3c6cb596f3ec1bc76337d78d90bb5c6d281e2adfd
Block was generating for 0 seconds

Block:
Id: 2
Timestamp: 1603707014164
Magic number: 397364102
Hash of the previous block:
00f5f1094414a6181bac9ef3c6cb596f3ec1bc76337d78d90bb5c6d281e2adfd
Hash of the block:
00165a025928df510d3349140cce564e4a935867c37bbd66890e32ea18985b23
Block was generating for 0 seconds

Block:
Id: 3
Timestamp: 1603707014180
Magic number: 861180254
Hash of the previous block:
00165a025928df510d3349140cce564e4a935867c37bbd66890e32ea18985b23
Hash of the block:
0075f023b32ddce7f7bfd9865f77b1b65ccff997f27898facf3f926e9e648fa9
Block was generating for 0 seconds

Block:
Id: 4
Timestamp: 1603707014180
Magic number: 2129932633
Hash of the previous block:
0075f023b32ddce7f7bfd9865f77b1b65ccff997f27898facf3f926e9e648fa9
Hash of the block:
006a012ffcbef92a94e1723f17d1409afb08798965fe47f886c005f2b42652f5
Block was generating for 0 seconds

Block:
Id: 5
Timestamp: 1603707014180
Magic number: 682597321
Hash of the previous block:
006a012ffcbef92a94e1723f17d1409afb08798965fe47f886c005f2b42652f5
Hash of the block:
008cd2519b23dd9a050854731120701598e04c9dc90c9255e5b8db7d007117ec
Block was generating for 0 seconds

?[1;31m
Start test 4?[0m
Enter how many zeros the hash must start with: 
> 0
Block:
Id: 1
Timestamp: 1603707014264
Magic number: 640679624
Hash of the previous block:
0
Hash of the block:
1960f652901865adc1262386de546778dc54c524ff059e2c23516a59a755e4b9
Block was generating for 0 seconds

Block:
Id: 2
Timestamp: 1603707014264
Magic number: 510903243
Hash of the previous block:
1960f652901865adc1262386de546778dc54c524ff059e2c23516a59a755e4b9
Hash of the block:
4ca23113fc3a548ee1db2ba1712f9d9bab46994cf776c26ee9f3e739a2e5a6ad
Block was generating for 0 seconds

Block:
Id: 3
Timestamp: 1603707014264
Magic number: 17671957
Hash of the previous block:
4ca23113fc3a548ee1db2ba1712f9d9bab46994cf776c26ee9f3e739a2e5a6ad
Hash of the block:
c38faae828d9b82042afc5db0e2fe4788bf2b7ea5527a1d3a8d10b35d35e99fd
Block was generating for 0 seconds

Block:
Id: 4
Timestamp: 1603707014264
Magic number: 564561019
Hash of the previous block:
c38faae828d9b82042afc5db0e2fe4788bf2b7ea5527a1d3a8d10b35d35e99fd
Hash of the block:
a0e2afddc67d3c4388ecb8512c0ecdd5fe510cdef9af57504783986bc1fa5770
Block was generating for 0 seconds

Block:
Id: 5
Timestamp: 1603707014264
Magic number: 1098267905
Hash of the previous block:
a0e2afddc67d3c4388ecb8512c0ecdd5fe510cdef9af57504783986bc1fa5770
Hash of the block:
51f26f94fdc39f77c4e1993ad5566c860d40e1f9042dd27b81cbc11e33df2ff1
Block was generating for 0 seconds

?[1;31m
Start test 5?[0m
Enter how many zeros the hash must start with: 
> 1
Block:
Id: 1
Timestamp: 1603707014349
Magic number: 765304949
Hash of the previous block:
0
Hash of the block:
08027e35c359502264217f8f9b6d096704b3c8eb1a9406c41691d94ef49c961a
Block was generating for 0 seconds

Block:
Id: 2
Timestamp: 1603707014349
Magic number: 1215411341
Hash of the previous block:
08027e35c359502264217f8f9b6d096704b3c8eb1a9406c41691d94ef49c961a
Hash of the block:
02feda71029473b5f32152f0c3100628bb46296a375cd737dcb1b57e61512572
Block was generating for 0 seconds

Block:
Id: 3
Timestamp: 1603707014365
Magic number: 371747256
Hash of the previous block:
02feda71029473b5f32152f0c3100628bb46296a375cd737dcb1b57e61512572
Hash of the block:
07d5ae2f011c5860a9e8173daad954a06499bf11b52cbf1353be6b843b400ea4
Block was generating for 0 seconds

Block:
Id: 4
Timestamp: 1603707014365
Magic number: 2050590631
Hash of the previous block:
07d5ae2f011c5860a9e8173daad954a06499bf11b52cbf1353be6b843b400ea4
Hash of the block:
0877ad1a58314974d53d5d2441c93afdb18c08adfc8aab23cd32cb6a99d28408
Block was generating for 0 seconds

Block:
Id: 5
Timestamp: 1603707014365
Magic number: 1923147245
Hash of the previous block:
0877ad1a58314974d53d5d2441c93afdb18c08adfc8aab23cd32cb6a99d28408
Hash of the block:
09e202dbc1276e3275bbf42ea2d8ff05494d61111835cb437befecf7872b2ad3
Block was generating for 0 seconds

?[1;31m
Start test 6?[0m
Enter how many zeros the hash must start with: 
> 2
Block:
Id: 1
Timestamp: 1603707014434
Magic number: 1431389016
Hash of the previous block:
0
Hash of the block:
004b50971726305e12607e7dc571bef018118ec425e8c06181d5f430a656205c
Block was generating for 0 seconds

Block:
Id: 2
Timestamp: 1603707014434
Magic number: 212997084
Hash of the previous block:
004b50971726305e12607e7dc571bef018118ec425e8c06181d5f430a656205c
Hash of the block:
00f17e989a2f7900c742be616e450437b2e47170ce40eb800b6fccf9d16ede8c
Block was generating for 0 seconds

Block:
Id: 3
Timestamp: 1603707014434
Magic number: 1391068838
Hash of the previous block:
00f17e989a2f7900c742be616e450437b2e47170ce40eb800b6fccf9d16ede8c
Hash of the block:
008aaa1a98be3eddb0096cd9f937a8b360f720a0b34788aff9f2ce52bbc0ebc4
Block was generating for 0 seconds

Block:
Id: 4
Timestamp: 1603707014434
Magic number: 462659
Hash of the previous block:
008aaa1a98be3eddb0096cd9f937a8b360f720a0b34788aff9f2ce52bbc0ebc4
Hash of the block:
00fcacba2dbece383d9ab3498d5a97581aaac55ba9ec3b37d901320efed4a9d3
Block was generating for 0 seconds

Block:
Id: 5
Timestamp: 1603707014449
Magic number: 2084429433
Hash of the previous block:
00fcacba2dbece383d9ab3498d5a97581aaac55ba9ec3b37d901320efed4a9d3
Hash of the block:
0078ebe957bf6585025b4520936ada4a6a971678dddfa50746e3945036a4f662
Block was generating for 0 seconds

]]></system-out>
  <system-err><![CDATA[]]></system-err>
</testsuite>
